<?xml version="1.0" encoding="UTF-8"?>
<testng-results ignored="0" total="1" passed="1" failed="0" skipped="0">
  <reporter-output>
  </reporter-output>
  <suite started-at="2023-10-11T02:47:57 IST" name="Default suite" finished-at="2023-10-11T02:48:02 IST" duration-ms="4565">
    <groups>
    </groups>
    <test started-at="2023-10-11T02:47:57 IST" name="Default test" finished-at="2023-10-11T02:48:02 IST" duration-ms="4565">
      <class name="com.day5.ParsingxmlResponse">
        <test-method signature="testxmlResponseBody()[pri:0, instance:com.day5.ParsingxmlResponse@5876a9af]" started-at="2023-10-11T02:47:58 IST" name="testxmlResponseBody" finished-at="2023-10-11T02:48:02 IST" duration-ms="4484" status="PASS">
          <reporter-output>
          </reporter-output>
        </test-method> <!-- testxmlResponseBody -->
      </class> <!-- com.day5.ParsingxmlResponse -->
    </test> <!-- Default test -->
  </suite> <!-- Default suite -->
</testng-results>
